2025-09-22 02:37:57,291 - shop_bot - INFO - logger.py:74 - ✅ Админ уже существует: Admin
2025-09-22 02:37:57,292 - shop_bot - INFO - logger.py:74 - Планировщик резервного копирования запущен
2025-09-22 02:37:57,293 - shop_bot - INFO - logger.py:74 - Система мониторинга запущена
2025-09-22 02:37:57,295 - shop_bot - INFO - logger.py:74 - Загружено 0 автоматических постов
2025-09-22 02:37:57,296 - shop_bot - INFO - logger.py:74 - Планировщик автоматических постов запущен
2025-09-22 02:37:57,296 - shop_bot - INFO - logger.py:74 - ✅ Система автоматических постов инициализирована
2025-09-22 02:37:57,298 - shop_bot - INFO - logger.py:74 - Резервная копия создана: backups/shop_bot_backup_20250922_023757.db.gz
2025-09-22 02:37:57,311 - shop_bot - INFO - logger.py:74 - Мониторинг синхронизации данных запущен
2025-09-22 02:37:57,311 - shop_bot - INFO - logger.py:74 - ✅ Бот инициализирован успешно
2025-09-22 02:37:57,311 - shop_bot - INFO - logger.py:74 - 🛍 Телеграм-бот интернет-магазина запущен!
2025-09-22 02:37:57,311 - shop_bot - INFO - logger.py:74 - 📱 Ожидание сообщений...
2025-09-22 02:37:57,311 - shop_bot - INFO - logger.py:74 - Нажмите Ctrl+C для остановки
2025-09-22 02:38:10,095 - shop_bot - INFO - logger.py:74 - Сообщение от 5720497431: 🏠 Главная...
2025-09-22 02:38:13,576 - shop_bot - INFO - logger.py:74 - Сообщение от 5720497431: 🛍 Каталог...
2025-09-22 02:38:15,726 - shop_bot - INFO - logger.py:74 - Сообщение от 5720497431: 🏠 Дом и сад...
2025-09-22 02:38:17,876 - shop_bot - INFO - logger.py:74 - Сообщение от 5720497431: ☕ Delonghi...
2025-09-22 02:38:19,924 - shop_bot - INFO - logger.py:74 - Сообщение от 5720497431: 🛍 Крем для лица - $49.99...
2025-09-22 02:38:49,826 - shop_bot - INFO - logger.py:74 - Сообщение от 5720497431: 🏠 Главная...
2025-09-22 02:38:51,873 - shop_bot - INFO - logger.py:74 - Сообщение от 5720497431: 🛒 Корзина...
2025-09-22 02:38:54,234 - shop_bot - INFO - logger.py:74 - Сообщение от 5720497431: 📦 Оформить заказ...
2025-09-22 02:39:06,516 - shop_bot - INFO - logger.py:74 - Сообщение от 5720497431: A.Xadjayev...
2025-09-22 02:39:10,715 - shop_bot - INFO - logger.py:74 - Сообщение от 5720497431: 💵 Наличными при получении...
2025-09-22 02:39:39,695 - shop_bot - INFO - logger.py:74 - Сообщение от 5720497431: /admin_order_1...
2025-09-22 02:39:55,055 - shop_bot - INFO - logger.py:74 - Сообщение от 5720497431: ⭐ Программа лояльности...
2025-09-22 02:43:15,313 - shop_bot - INFO - logger.py:74 - Сообщение от 5720497431: 🏠 Главная...
2025-09-22 02:43:17,192 - shop_bot - INFO - logger.py:74 - Сообщение от 5720497431: 🛍 Каталог...
2025-09-22 02:43:19,342 - shop_bot - INFO - logger.py:74 - Сообщение от 5720497431: 👕 Одежда...
2025-09-22 02:43:21,493 - shop_bot - INFO - logger.py:74 - Сообщение от 5720497431: 👖 Levi's...
2025-09-22 02:43:23,542 - shop_bot - INFO - logger.py:74 - Сообщение от 5720497431: 🛍 Гантели 10кг - $89.99...
2025-09-22 02:48:09,340 - shop_bot - INFO - logger.py:74 - Сообщение от 5720497431: 🏠 Главная...
2025-09-22 02:48:11,426 - shop_bot - INFO - logger.py:74 - Сообщение от 5720497431: 🛒 Корзина...
2025-09-22 02:48:16,405 - shop_bot - INFO - logger.py:74 - Сообщение от 5720497431: ➕ Добавить товары...
2025-09-22 02:48:18,658 - shop_bot - INFO - logger.py:74 - Сообщение от 5720497431: 🔙 Главная...
2025-09-22 02:48:20,608 - shop_bot - INFO - logger.py:74 - Сообщение от 5720497431: 🛍 Каталог...
2025-09-22 02:48:22,652 - shop_bot - INFO - logger.py:74 - Сообщение от 5720497431: 📱 Электроника...
2025-09-22 02:48:24,699 - shop_bot - INFO - logger.py:74 - Сообщение от 5720497431: 📱 Samsung...
2025-09-22 02:48:26,748 - shop_bot - INFO - logger.py:74 - Сообщение от 5720497431: 🍎 Apple...
2025-09-22 02:48:28,796 - shop_bot - INFO - logger.py:74 - Сообщение от 5720497431: 🛍 Беспроводные наушники - $249.99...
2025-09-22 02:48:39,138 - shop_bot - INFO - logger.py:74 - Сообщение от 5720497431: 🏠 Главная...
2025-09-22 02:48:42,210 - shop_bot - INFO - logger.py:74 - Сообщение от 5720497431: 👤 Профиль...
2025-09-22 02:48:53,343 - shop_bot - INFO - logger.py:74 - Сообщение от 5720497431: ⭐ Программа лояльности...
2025-09-22 02:48:56,239 - shop_bot - INFO - logger.py:74 - Сообщение от 5720497431: 🔙 Назад...
2025-09-22 02:53:15,516 - shop_bot - INFO - logger.py:74 - Сообщение от 5720497431: 🛒 Корзина...
2025-09-22 02:53:17,640 - shop_bot - INFO - logger.py:74 - Сообщение от 5720497431: 📦 Оформить заказ...
2025-09-22 02:53:22,786 - shop_bot - INFO - logger.py:74 - Сообщение от 5720497431: Ррпа...
2025-09-22 02:53:34,132 - shop_bot - INFO - logger.py:74 - Сообщение от 5720497431: Jsjshshnsjsjsjjdjjjdd...
2025-09-22 02:53:37,788 - shop_bot - INFO - logger.py:74 - Сообщение от 5720497431: 💳 Payme...
2025-09-22 02:54:04,976 - shop_bot - INFO - logger.py:74 - Сообщение от 5720497431: 🔍 Поиск...
2025-09-22 02:54:08,355 - shop_bot - INFO - logger.py:74 - Сообщение от 5720497431: F...
2025-09-22 02:54:15,522 - shop_bot - INFO - logger.py:74 - Сообщение от 5720497431: 🏠 Главная...
2025-09-22 02:54:30,678 - shop_bot - INFO - logger.py:74 - Сообщение от 5720497431: 🎁 Промокоды...
2025-09-24 13:54:34,067 - shop_bot - INFO - logger.py:74 - ✅ Админ уже существует: Admin
2025-09-24 13:54:34,068 - shop_bot - INFO - logger.py:74 - Планировщик резервного копирования запущен
2025-09-24 13:54:34,068 - shop_bot - INFO - logger.py:74 - Система мониторинга запущена
2025-09-24 13:54:34,071 - shop_bot - INFO - logger.py:74 - Загружено 0 автоматических постов
2025-09-24 13:54:34,071 - shop_bot - INFO - logger.py:74 - Планировщик автоматических постов запущен
2025-09-24 13:54:34,071 - shop_bot - INFO - logger.py:74 - ✅ Система автоматических постов инициализирована
2025-09-24 13:54:34,074 - shop_bot - INFO - logger.py:74 - Резервная копия создана: backups/shop_bot_backup_20250924_135434.db.gz
2025-09-24 13:54:34,093 - shop_bot - INFO - logger.py:74 - Мониторинг синхронизации данных запущен
2025-09-24 13:54:34,093 - shop_bot - INFO - logger.py:74 - ✅ Бот инициализирован успешно
2025-09-24 13:54:34,093 - shop_bot - INFO - logger.py:74 - 🛍 Телеграм-бот интернет-магазина запущен!
2025-09-24 13:54:34,093 - shop_bot - INFO - logger.py:74 - 📱 Ожидание сообщений...
2025-09-24 13:54:34,093 - shop_bot - INFO - logger.py:74 - Нажмите Ctrl+C для остановки
2025-09-24 13:54:34,574 - shop_bot - INFO - logger.py:74 - Сообщение от 5720497431: Убрать поиск...
2025-09-24 13:54:35,049 - shop_bot - INFO - logger.py:74 - Сообщение от 5720497431: Убрать промокод...
2025-09-24 13:54:35,582 - shop_bot - INFO - logger.py:74 - Сообщение от 5720497431: Проверить старт...
2025-09-24 13:54:36,059 - shop_bot - INFO - logger.py:74 - Сообщение от 5720497431: 🛒 Корзина...
2025-09-24 13:54:36,455 - shop_bot - INFO - logger.py:74 - Сообщение от 5720497431: Давайте количество на товары...
2025-09-24 13:54:52,075 - shop_bot - INFO - logger.py:74 - Сообщение от 5720497431: 🛍 Каталог...
2025-09-24 13:54:55,859 - shop_bot - INFO - logger.py:74 - Сообщение от 5720497431: 🏠 Дом и сад...
2025-09-24 13:54:57,873 - shop_bot - INFO - logger.py:74 - Сообщение от 5720497431: ☕ Delonghi...
2025-09-24 13:54:59,858 - shop_bot - INFO - logger.py:74 - Сообщение от 5720497431: 🛍 Крем для лица - $49.99...
2025-09-24 13:55:07,237 - shop_bot - INFO - logger.py:74 - Сообщение от 5720497431: 🏠 Главная...
2025-09-24 13:55:09,082 - shop_bot - INFO - logger.py:74 - Сообщение от 5720497431: 🛒 Корзина...
2025-09-24 13:55:12,369 - shop_bot - INFO - logger.py:74 - Сообщение от 5720497431: 📦 Оформить заказ...
2025-09-24 13:55:16,977 - shop_bot - INFO - logger.py:74 - Сообщение от 5720497431: Веб панели...
2025-09-24 13:55:23,640 - shop_bot - INFO - logger.py:74 - Сообщение от 5720497431: ❌ Отмена...
2025-10-03 17:56:25,105 - shop_bot - INFO - logger.py:74 - ✅ Админ уже существует: Admin
2025-10-03 17:56:25,106 - shop_bot - INFO - logger.py:74 - Планировщик резервного копирования запущен
2025-10-03 17:56:25,106 - shop_bot - INFO - logger.py:74 - Система мониторинга запущена
2025-10-03 17:56:25,109 - shop_bot - INFO - logger.py:74 - Загружено 0 автоматических постов
2025-10-03 17:56:25,110 - shop_bot - INFO - logger.py:74 - Планировщик автоматических постов запущен
2025-10-03 17:56:25,110 - shop_bot - INFO - logger.py:74 - ✅ Система автоматических постов инициализирована
2025-10-03 17:56:25,112 - shop_bot - INFO - logger.py:74 - Резервная копия создана: backups/shop_bot_backup_20251003_175625.db.gz
2025-10-03 17:56:25,131 - shop_bot - INFO - logger.py:74 - Мониторинг синхронизации данных запущен
2025-10-03 17:56:25,131 - shop_bot - INFO - logger.py:74 - ✅ Бот инициализирован успешно
2025-10-03 17:56:25,131 - shop_bot - INFO - logger.py:74 - 🛍 Телеграм-бот интернет-магазина запущен!
2025-10-03 17:56:25,131 - shop_bot - INFO - logger.py:74 - 📱 Ожидание сообщений...
2025-10-03 17:56:25,131 - shop_bot - INFO - logger.py:74 - Нажмите Ctrl+C для остановки
2025-10-03 17:58:14,380 - shop_bot - INFO - logger.py:74 - Получен сигнал 2, завершение работы...
2025-10-03 17:58:14,381 - shop_bot - INFO - logger.py:74 - 🔄 Закрытие соединений...
2025-10-03 18:05:32,669 - shop_bot - INFO - logger.py:74 - ✅ Админ уже существует: Admin
2025-10-03 18:05:32,670 - shop_bot - INFO - logger.py:74 - Планировщик резервного копирования запущен
2025-10-03 18:05:32,670 - shop_bot - INFO - logger.py:74 - Система мониторинга запущена
2025-10-03 18:05:32,674 - shop_bot - INFO - logger.py:74 - Загружено 0 автоматических постов
2025-10-03 18:05:32,674 - shop_bot - INFO - logger.py:74 - Планировщик автоматических постов запущен
2025-10-03 18:05:32,674 - shop_bot - INFO - logger.py:74 - ✅ Система автоматических постов инициализирована
2025-10-03 18:05:32,677 - shop_bot - INFO - logger.py:74 - Резервная копия создана: backups/shop_bot_backup_20251003_180532.db.gz
2025-10-03 18:05:32,694 - shop_bot - INFO - logger.py:74 - Мониторинг синхронизации данных запущен
2025-10-03 18:05:32,694 - shop_bot - INFO - logger.py:74 - ✅ Бот инициализирован успешно
2025-10-03 18:05:32,694 - shop_bot - INFO - logger.py:74 - 🛍 Телеграм-бот интернет-магазина запущен!
2025-10-03 18:05:32,694 - shop_bot - INFO - logger.py:74 - 📱 Ожидание сообщений...
2025-10-03 18:05:32,694 - shop_bot - INFO - logger.py:74 - Нажмите Ctrl+C для остановки
2025-10-03 18:05:39,006 - shop_bot - INFO - logger.py:74 - Сообщение от 5720497431: 🔙 Главная...
2025-10-03 18:05:44,536 - shop_bot - INFO - logger.py:74 - Сообщение от 5720497431: /admin...
2025-10-03 18:05:48,123 - shop_bot - INFO - logger.py:74 - Сообщение от 5720497431: 📊 Статистика...
2025-10-03 18:05:50,474 - shop_bot - INFO - logger.py:74 - Сообщение от 5720497431: 📦 Заказы...
2025-10-03 18:05:56,004 - shop_bot - INFO - logger.py:74 - Сообщение от 5720497431: 📈 Аналитика...
2025-10-03 18:06:19,216 - shop_bot - INFO - logger.py:74 - Сообщение от 5720497431: 🛡 Безопасность...
2025-10-03 18:06:21,363 - shop_bot - INFO - logger.py:74 - Сообщение от 5720497431: 👥 Пользователи...
2025-10-03 18:06:23,084 - shop_bot - INFO - logger.py:74 - Сообщение от 5720497431: 📦 Заказы...
2025-10-03 18:06:25,495 - shop_bot - INFO - logger.py:74 - Сообщение от 5720497431: 💰 Финансы...
2025-10-03 18:06:32,562 - shop_bot - INFO - logger.py:74 - Сообщение от 5720497431: 🔙 Пользовательский режим...
2025-10-03 18:07:44,840 - shop_bot - INFO - logger.py:74 - Сообщение от 5720497431: 🛍 Каталог...
2025-10-03 18:07:46,863 - shop_bot - INFO - logger.py:74 - Сообщение от 5720497431: ⚽ Спорт...
2025-10-03 18:07:48,561 - shop_bot - INFO - logger.py:74 - Сообщение от 5720497431: 👟 Adidas...
2025-10-03 18:07:50,590 - shop_bot - INFO - logger.py:74 - Сообщение от 5720497431: 🛍 Книга "Python для начинающих" - $39.99...
2025-10-03 18:08:05,461 - shop_bot - INFO - logger.py:74 - Сообщение от 5720497431: 🔙 Главная...
2025-10-03 18:08:13,526 - shop_bot - INFO - logger.py:74 - Сообщение от 5720497431: 👤 Профиль...
2025-10-03 18:08:16,584 - shop_bot - INFO - logger.py:74 - Сообщение от 5720497431: /start...
2025-10-03 18:08:20,350 - shop_bot - INFO - logger.py:74 - Сообщение от 5720497431: 🔙 Главная...
2025-10-03 18:08:24,178 - shop_bot - INFO - logger.py:74 - Сообщение от 5720497431: ℹ️ Помощь...
